
****** PlanAhead v14.7 (64-bit)
  **** Build 321239 by xbuild on Fri Sep 27 19:29:51 MDT 2013
    ** Copyright 1986-1999, 2001-2013 Xilinx, Inc. All Rights Reserved.

INFO: [Common 17-78] Attempting to get a license: PlanAhead
INFO: [Common 17-290] Got license for PlanAhead
INFO: [Device 21-36] Loading parts and site information from C:/Xilinx/14.7/ISE_DS/PlanAhead/data/parts/arch.xml
Parsing RTL primitives file [C:/Xilinx/14.7/ISE_DS/PlanAhead/data/parts/xilinx/rtl/prims/rtl_prims.xml]
Finished parsing RTL primitives file [C:/Xilinx/14.7/ISE_DS/PlanAhead/data/parts/xilinx/rtl/prims/rtl_prims.xml]
start_gui
source C:/Users/KekKuLe/Desktop/temp/Code/SSP/SimpleStackProcessor/FPGA/pa.fromNcd.tcl
# create_project -name FPGA -dir "C:/Users/KekKuLe/Desktop/temp/Code/SSP/SimpleStackProcessor/FPGA/planAhead_run_2" -part xc6slx16csg324-3
# set srcset [get_property srcset [current_run -impl]]
# set_property design_mode GateLvl $srcset
# set_property edif_top_file "C:/Users/KekKuLe/Desktop/temp/Code/SSP/SimpleStackProcessor/FPGA/top.ngc" [ get_property srcset [ current_run ] ]
# add_files -norecurse { {C:/Users/KekKuLe/Desktop/temp/Code/SSP/SimpleStackProcessor/FPGA} }
# set_property target_constrs_file "top.ucf" [current_fileset -constrset]
Adding file 'C:/Users/KekKuLe/Desktop/temp/Code/SSP/SimpleStackProcessor/FPGA/top.ucf' to fileset 'constrs_1'
# add_files [list {top.ucf}] -fileset [get_property constrset [current_run]]
# link_design
Design is defaulting to srcset: sources_1
Design is defaulting to constrset: constrs_1
Design is defaulting to project part: xc6slx16csg324-3
Release 14.7 - ngc2edif P.20131013 (nt64)
Copyright (c) 1995-2013 Xilinx, Inc.  All rights reserved.
Reading design top.ngc ...
WARNING:NetListWriters:298 - No output is written to top.xncf, ignored.
Processing design ...
   Preping design's networks ...
   Preping design's macros ...
  finished :Prep
Writing EDIF netlist file top.edif ...
ngc2edif: Total memory usage is 102292 kilobytes

Parsing EDIF File [./planAhead_run_2/FPGA.data/cache/top_ngc_zx.edif]
Finished Parsing EDIF File [./planAhead_run_2/FPGA.data/cache/top_ngc_zx.edif]
INFO: [Netlist 29-17] Analyzing 1 Unisim elements for replacement
INFO: [Netlist 29-28] Unisim Transformation completed in 0 CPU seconds
WARNING: [Netlist 29-43] Netlist 'top' is not ideal for floorplanning, since the cellview 'top' defined in file 'top.ngc' contains large number of primitives.  Please consider enabling hierarchy in synthesis if you want to do floorplanning.
Loading clock regions from C:/Xilinx/14.7/ISE_DS/PlanAhead/data\parts/xilinx/spartan6/spartan6lx/xc6slx16/ClockRegion.xml
Loading clock buffers from C:/Xilinx/14.7/ISE_DS/PlanAhead/data\parts/xilinx/spartan6/spartan6lx/xc6slx16/ClockBuffers.xml
Loading package pin functions from C:/Xilinx/14.7/ISE_DS/PlanAhead/data\parts/xilinx/spartan6/PinFunctions.xml...
Loading package from C:/Xilinx/14.7/ISE_DS/PlanAhead/data\parts/xilinx/spartan6/spartan6lx/xc6slx16/csg324/Package.xml
Loading io standards from C:/Xilinx/14.7/ISE_DS/PlanAhead/data\./parts/xilinx/spartan6/IOStandards.xml
Loading device configuration modes from C:/Xilinx/14.7/ISE_DS/PlanAhead/data\parts/xilinx/spartan6/ConfigModes.xml
Loading list of drcs for the architecture : C:/Xilinx/14.7/ISE_DS/PlanAhead/data\./parts/xilinx/spartan6/drc.xml
Parsing UCF File [C:/Users/KekKuLe/Desktop/temp/Code/SSP/SimpleStackProcessor/FPGA/top.ucf]
Finished Parsing UCF File [C:/Users/KekKuLe/Desktop/temp/Code/SSP/SimpleStackProcessor/FPGA/top.ucf]
INFO: [Project 1-111] Unisim Transformation Summary:
  A total of 1 instances were transformed.
  BUFGP => BUFGP (IBUF, BUFG): 1 instances

Phase 0 | Netlist Checksum: 8d4489cd
link_design: Time (s): elapsed = 00:00:15 . Memory (MB): peak = 632.371 ; gain = 195.016
# read_xdl -file "C:/Users/KekKuLe/Desktop/temp/Code/SSP/SimpleStackProcessor/FPGA/top.ncd"
Release 14.7 - xdl P.20131013 (nt64)
Copyright (c) 1995-2013 Xilinx, Inc.  All rights reserved.

WARNING:XDL:213 - The resulting xdl output will not have LUT equation strings or RAM INIT strings.
Loading device for application Rf_Device from file '6slx16.nph' in environment C:\Xilinx\14.7\ISE_DS\ISE\.
   "top" is an NCD, version 3.2, device xc6slx16, package csg324, speed -3
Successfully converted design 'C:\Users\KekKuLe\Desktop\temp\Code\SSP\SimpleStackProcessor\FPGA\top.ncd' to 'C:\Users\KekKuLe\Desktop\temp\Code\SSP\SimpleStackProcessor\FPGA\top.xdl'.
INFO: [Designutils 20-669] Parsing Placement File : C:/Users/KekKuLe/Desktop/temp/Code/SSP/SimpleStackProcessor/FPGA/top.ncd
INFO: [Designutils 20-658] Finished Parsing Placement File : C:/Users/KekKuLe/Desktop/temp/Code/SSP/SimpleStackProcessor/FPGA/top.ncd
INFO: [Designutils 20-671] Placed 10600 instances
read_xdl: Time (s): elapsed = 00:00:12 . Memory (MB): peak = 634.227 ; gain = 0.000
# if {[catch {read_twx -name results_1 -file "C:/Users/KekKuLe/Desktop/temp/Code/SSP/SimpleStackProcessor/FPGA/top.twx"} eInfo]} {
#    puts "WARNING: there was a problem importing \"C:/Users/KekKuLe/Desktop/temp/Code/SSP/SimpleStackProcessor/FPGA/top.twx\": $eInfo"
# }
exit
ERROR: [Common 17-39] 'stop_gui' failed due to earlier errors.
INFO: [Common 17-206] Exiting PlanAhead at Thu Jun 13 20:30:03 2019...
INFO: [Common 17-83] Releasing license: PlanAhead
