Release 14.7 - xst P.20131013 (nt64)
Copyright (c) 1995-2013 Xilinx, Inc.  All rights reserved.
--> Parameter TMPDIR set to xst/projnav.tmp


Total REAL time to Xst completion: 0.00 secs
Total CPU time to Xst completion: 0.11 secs
 
--> Parameter xsthdpdir set to xst


Total REAL time to Xst completion: 0.00 secs
Total CPU time to Xst completion: 0.11 secs
 
--> Reading design: ControlUnit.prj

TABLE OF CONTENTS
  1) Synthesis Options Summary
  2) HDL Parsing
  3) HDL Elaboration
  4) HDL Synthesis
       4.1) HDL Synthesis Report
  5) Advanced HDL Synthesis
       5.1) Advanced HDL Synthesis Report
  6) Low Level Synthesis
  7) Partition Report
  8) Design Summary
       8.1) Primitive and Black Box Usage
       8.2) Device utilization summary
       8.3) Partition Resource Summary
       8.4) Timing Report
            8.4.1) Clock Information
            8.4.2) Asynchronous Control Signals Information
            8.4.3) Timing Summary
            8.4.4) Timing Details
            8.4.5) Cross Clock Domains Report


=========================================================================
*                      Synthesis Options Summary                        *
=========================================================================
---- Source Parameters
Input File Name                    : "ControlUnit.prj"
Ignore Synthesis Constraint File   : NO

---- Target Parameters
Output File Name                   : "ControlUnit"
Output Format                      : NGC
Target Device                      : xc6slx16-3-csg324

---- Source Options
Top Module Name                    : ControlUnit
Automatic FSM Extraction           : YES
FSM Encoding Algorithm             : Auto
Safe Implementation                : No
FSM Style                          : LUT
RAM Extraction                     : Yes
RAM Style                          : Auto
ROM Extraction                     : Yes
Shift Register Extraction          : YES
ROM Style                          : Auto
Resource Sharing                   : YES
Asynchronous To Synchronous        : NO
Shift Register Minimum Size        : 2
Use DSP Block                      : Auto
Automatic Register Balancing       : No

---- Target Options
LUT Combining                      : Auto
Reduce Control Sets                : Auto
Add IO Buffers                     : YES
Global Maximum Fanout              : 100000
Add Generic Clock Buffer(BUFG)     : 16
Register Duplication               : YES
Optimize Instantiated Primitives   : NO
Use Clock Enable                   : Auto
Use Synchronous Set                : Auto
Use Synchronous Reset              : Auto
Pack IO Registers into IOBs        : Auto
Equivalent register Removal        : YES

---- General Options
Optimization Goal                  : Speed
Optimization Effort                : 1
Power Reduction                    : NO
Keep Hierarchy                     : No
Netlist Hierarchy                  : As_Optimized
RTL Output                         : Yes
Global Optimization                : AllClockNets
Read Cores                         : YES
Write Timing Constraints           : NO
Cross Clock Analysis               : NO
Hierarchy Separator                : /
Bus Delimiter                      : <>
Case Specifier                     : Maintain
Slice Utilization Ratio            : 100
BRAM Utilization Ratio             : 100
DSP48 Utilization Ratio            : 100
Auto BRAM Packing                  : NO
Slice Utilization Ratio Delta      : 5

=========================================================================


=========================================================================
*                          HDL Parsing                                  *
=========================================================================
Analyzing Verilog file "C:\Users\KekKuLe\Desktop\temp\Code\SSP\SimpleStackProcessor\FPGA\ControlUnit.v" into library work
Parsing module <ControlUnit>.

=========================================================================
*                            HDL Elaboration                            *
=========================================================================

Elaborating module <ControlUnit>.

=========================================================================
*                           HDL Synthesis                               *
=========================================================================

Synthesizing Unit <ControlUnit>.
    Related source file is "C:\Users\KekKuLe\Desktop\temp\Code\SSP\SimpleStackProcessor\FPGA\ControlUnit.v".
    Found 2-bit register for signal <addr_sel>.
    Found 2-bit register for signal <data_sel>.
    Found 1-bit register for signal <SR_inc>.
    Found 2-bit register for signal <SR_incc>.
    Found 1-bit register for signal <memory_w>.
    Found 1-bit register for signal <R1_w>.
    Found 1-bit register for signal <R2_w>.
    Found 1-bit register for signal <SR_w>.
    Found 1-bit register for signal <PC_w>.
    Found 1-bit register for signal <cmd_w>.
    Found 1-bit register for signal <PC_inc>.
    Found 2-bit register for signal <PC_incc>.
    Found 4-bit register for signal <ALU_func>.
    Found 1-bit register for signal <error>.
    Found 8-bit register for signal <state>.
    Found finite state machine <FSM_0> for signal <state>.
    -----------------------------------------------------------------------
    | States             | 8                                              |
    | Transitions        | 18                                             |
    | Inputs             | 6                                              |
    | Outputs            | 8                                              |
    | Clock              | clk (falling_edge)                             |
    | Power Up State     | 00001111                                       |
    | Encoding           | auto                                           |
    | Implementation     | LUT                                            |
    -----------------------------------------------------------------------
    Summary:
	inferred  21 D-type flip-flop(s).
	inferred   9 Multiplexer(s).
	inferred   1 Finite State Machine(s).
Unit <ControlUnit> synthesized.

=========================================================================
HDL Synthesis Report

Macro Statistics
# Registers                                            : 14
 1-bit register                                        : 9
 2-bit register                                        : 4
 4-bit register                                        : 1
# Multiplexers                                         : 9
 1-bit 2-to-1 multiplexer                              : 7
 2-bit 2-to-1 multiplexer                              : 2
# FSMs                                                 : 1

=========================================================================

=========================================================================
*                       Advanced HDL Synthesis                          *
=========================================================================

WARNING:Xst:1293 - FF/Latch <PC_incc_0> has a constant value of 1 in block <ControlUnit>. This FF/Latch will be trimmed during the optimization process.
WARNING:Xst:1896 - Due to other FF/Latch trimming, FF/Latch <PC_incc_1> has a constant value of 0 in block <ControlUnit>. This FF/Latch will be trimmed during the optimization process.
WARNING:Xst:1896 - Due to other FF/Latch trimming, FF/Latch <PC_inc> has a constant value of 0 in block <ControlUnit>. This FF/Latch will be trimmed during the optimization process.
WARNING:Xst:1896 - Due to other FF/Latch trimming, FF/Latch <ALU_func_1> has a constant value of 0 in block <ControlUnit>. This FF/Latch will be trimmed during the optimization process.
WARNING:Xst:1896 - Due to other FF/Latch trimming, FF/Latch <ALU_func_2> has a constant value of 0 in block <ControlUnit>. This FF/Latch will be trimmed during the optimization process.
WARNING:Xst:1896 - Due to other FF/Latch trimming, FF/Latch <ALU_func_3> has a constant value of 0 in block <ControlUnit>. This FF/Latch will be trimmed during the optimization process.

=========================================================================
Advanced HDL Synthesis Report

Macro Statistics
# Registers                                            : 21
 Flip-Flops                                            : 21
# Multiplexers                                         : 9
 1-bit 2-to-1 multiplexer                              : 7
 2-bit 2-to-1 multiplexer                              : 2
# FSMs                                                 : 1

=========================================================================

=========================================================================
*                         Low Level Synthesis                           *
=========================================================================
WARNING:Xst:1293 - FF/Latch <PC_incc_0> has a constant value of 1 in block <ControlUnit>. This FF/Latch will be trimmed during the optimization process.
WARNING:Xst:1896 - Due to other FF/Latch trimming, FF/Latch <PC_incc_1> has a constant value of 0 in block <ControlUnit>. This FF/Latch will be trimmed during the optimization process.
WARNING:Xst:1896 - Due to other FF/Latch trimming, FF/Latch <PC_inc> has a constant value of 0 in block <ControlUnit>. This FF/Latch will be trimmed during the optimization process.
WARNING:Xst:1896 - Due to other FF/Latch trimming, FF/Latch <ALU_func_1> has a constant value of 0 in block <ControlUnit>. This FF/Latch will be trimmed during the optimization process.
WARNING:Xst:1896 - Due to other FF/Latch trimming, FF/Latch <ALU_func_2> has a constant value of 0 in block <ControlUnit>. This FF/Latch will be trimmed during the optimization process.
WARNING:Xst:1896 - Due to other FF/Latch trimming, FF/Latch <ALU_func_3> has a constant value of 0 in block <ControlUnit>. This FF/Latch will be trimmed during the optimization process.
Analyzing FSM <MFsm> for best encoding.
Optimizing FSM <FSM_0> on signal <state[1:3]> with gray encoding.
----------------------
 State    | Encoding
----------------------
 00001111 | 000
 00010000 | 001
 00010001 | 011
 00010010 | 010
 00010011 | 110
 00010100 | 111
 00001110 | 101
 11111111 | 100
----------------------

Optimizing unit <ControlUnit> ...
WARNING:Xst:1293 - FF/Latch <SR_incc_0> has a constant value of 1 in block <ControlUnit>. This FF/Latch will be trimmed during the optimization process.
WARNING:Xst:1896 - Due to other FF/Latch trimming, FF/Latch <SR_incc_1> has a constant value of 0 in block <ControlUnit>. This FF/Latch will be trimmed during the optimization process.
WARNING:Xst:1896 - Due to other FF/Latch trimming, FF/Latch <data_sel_1> has a constant value of 1 in block <ControlUnit>. This FF/Latch will be trimmed during the optimization process.
WARNING:Xst:1293 - FF/Latch <cmd_w> has a constant value of 0 in block <ControlUnit>. This FF/Latch will be trimmed during the optimization process.
WARNING:Xst:1293 - FF/Latch <cmd_w> has a constant value of 0 in block <ControlUnit>. This FF/Latch will be trimmed during the optimization process.
WARNING:Xst:1896 - Due to other FF/Latch trimming, FF/Latch <SR_incc_0> has a constant value of 1 in block <ControlUnit>. This FF/Latch will be trimmed during the optimization process.
WARNING:Xst:1896 - Due to other FF/Latch trimming, FF/Latch <SR_incc_1> has a constant value of 0 in block <ControlUnit>. This FF/Latch will be trimmed during the optimization process.
WARNING:Xst:1896 - Due to other FF/Latch trimming, FF/Latch <data_sel_1> has a constant value of 1 in block <ControlUnit>. This FF/Latch will be trimmed during the optimization process.

Mapping all equations...
Building and optimizing final netlist ...
Found area constraint ratio of 100 (+ 5) on block ControlUnit, actual ratio is 0.

Final Macro Processing ...

=========================================================================
Final Register Report

Macro Statistics
# Registers                                            : 14
 Flip-Flops                                            : 14

=========================================================================

=========================================================================
*                           Partition Report                            *
=========================================================================

Partition Implementation Status
-------------------------------

  No Partitions were found in this design.

-------------------------------

=========================================================================
*                            Design Summary                             *
=========================================================================

Top Level Output File Name         : ControlUnit.ngc

Primitive and Black Box Usage:
------------------------------
# BELS                             : 23
#      GND                         : 1
#      INV                         : 1
#      LUT2                        : 1
#      LUT4                        : 1
#      LUT5                        : 12
#      LUT6                        : 6
#      VCC                         : 1
# FlipFlops/Latches                : 14
#      FD_1                        : 5
#      FDE_1                       : 4
#      FDR_1                       : 5
# Clock Buffers                    : 1
#      BUFGP                       : 1
# IO Buffers                       : 28
#      IBUF                        : 7
#      OBUF                        : 21

Device utilization summary:
---------------------------

Selected Device : 6slx16csg324-3 


Slice Logic Utilization: 
 Number of Slice Registers:              14  out of  18224     0%  
 Number of Slice LUTs:                   21  out of   9112     0%  
    Number used as Logic:                21  out of   9112     0%  

Slice Logic Distribution: 
 Number of LUT Flip Flop pairs used:     21
   Number with an unused Flip Flop:       7  out of     21    33%  
   Number with an unused LUT:             0  out of     21     0%  
   Number of fully used LUT-FF pairs:    14  out of     21    66%  
   Number of unique control sets:         3

IO Utilization: 
 Number of IOs:                          29
 Number of bonded IOBs:                  29  out of    232    12%  

Specific Feature Utilization:
 Number of BUFG/BUFGCTRLs:                1  out of     16     6%  

---------------------------
Partition Resource Summary:
---------------------------

  No Partitions were found in this design.

---------------------------


=========================================================================
Timing Report

NOTE: THESE TIMING NUMBERS ARE ONLY A SYNTHESIS ESTIMATE.
      FOR ACCURATE TIMING INFORMATION PLEASE REFER TO THE TRACE REPORT
      GENERATED AFTER PLACE-and-ROUTE.

Clock Information:
------------------
-----------------------------------+------------------------+-------+
Clock Signal                       | Clock buffer(FF name)  | Load  |
-----------------------------------+------------------------+-------+
clk                                | BUFGP                  | 14    |
-----------------------------------+------------------------+-------+

Asynchronous Control Signals Information:
----------------------------------------
No asynchronous control signals found in this design

Timing Summary:
---------------
Speed Grade: -3

   Minimum period: 2.820ns (Maximum Frequency: 354.591MHz)
   Minimum input arrival time before clock: 4.498ns
   Maximum output required time after clock: 3.634ns
   Maximum combinational path delay: No path found

Timing Details:
---------------
All values displayed in nanoseconds (ns)

=========================================================================
Timing constraint: Default period analysis for Clock 'clk'
  Clock period: 2.820ns (frequency: 354.591MHz)
  Total number of paths / destination ports: 62 / 14
-------------------------------------------------------------------------
Delay:               2.820ns (Levels of Logic = 2)
  Source:            state_FSM_FFd1 (FF)
  Destination:       addr_sel_0 (FF)
  Source Clock:      clk falling
  Destination Clock: clk falling

  Data Path: state_FSM_FFd1 to addr_sel_0
                                Gate     Net
    Cell:in->out      fanout   Delay   Delay  Logical Name (Net Name)
    ----------------------------------------  ------------
     FD_1:C->Q            15   0.447   1.210  state_FSM_FFd1 (state_FSM_FFd1)
     LUT6:I3->O            3   0.205   0.651  state[7]_opcode[5]_select_34_OUT<2>21 (state[7]_opcode[5]_select_34_OUT<2>2)
     LUT5:I4->O            1   0.205   0.000  state[7]_SR_inc_Select_37_o1 (state[7]_SR_inc_Select_37_o)
     FDE_1:D                   0.102          SR_inc
    ----------------------------------------
    Total                      2.820ns (0.959ns logic, 1.861ns route)
                                       (34.0% logic, 66.0% route)

=========================================================================
Timing constraint: Default OFFSET IN BEFORE for Clock 'clk'
  Total number of paths / destination ports: 92 / 23
-------------------------------------------------------------------------
Offset:              4.498ns (Levels of Logic = 4)
  Source:            opcode<3> (PAD)
  Destination:       addr_sel_0 (FF)
  Destination Clock: clk falling

  Data Path: opcode<3> to addr_sel_0
                                Gate     Net
    Cell:in->out      fanout   Delay   Delay  Logical Name (Net Name)
    ----------------------------------------  ------------
     IBUF:I->O             4   1.222   0.931  opcode_3_IBUF (opcode_3_IBUF)
     LUT4:I0->O            2   0.203   0.981  opcode[5]_GND_1_o_equal_20_o<5>11 (opcode[5]_GND_1_o_equal_20_o<5>1)
     LUT6:I0->O            3   0.203   0.651  state[7]_opcode[5]_select_34_OUT<2>21 (state[7]_opcode[5]_select_34_OUT<2>2)
     LUT5:I4->O            1   0.205   0.000  state[7]_SR_inc_Select_37_o1 (state[7]_SR_inc_Select_37_o)
     FDE_1:D                   0.102          SR_inc
    ----------------------------------------
    Total                      4.498ns (1.935ns logic, 2.563ns route)
                                       (43.0% logic, 57.0% route)

=========================================================================
Timing constraint: Default OFFSET OUT AFTER for Clock 'clk'
  Total number of paths / destination ports: 11 / 11
-------------------------------------------------------------------------
Offset:              3.634ns (Levels of Logic = 1)
  Source:            ALU_func_0 (FF)
  Destination:       ALU_func<0> (PAD)
  Source Clock:      clk falling

  Data Path: ALU_func_0 to ALU_func<0>
                                Gate     Net
    Cell:in->out      fanout   Delay   Delay  Logical Name (Net Name)
    ----------------------------------------  ------------
     FD_1:C->Q             2   0.447   0.616  ALU_func_0 (ALU_func_0)
     OBUF:I->O                 2.571          ALU_func_0_OBUF (ALU_func<0>)
    ----------------------------------------
    Total                      3.634ns (3.018ns logic, 0.616ns route)
                                       (83.0% logic, 17.0% route)

=========================================================================

Cross Clock Domains Report:
--------------------------

Clock to Setup on destination clock clk
---------------+---------+---------+---------+---------+
               | Src:Rise| Src:Fall| Src:Rise| Src:Fall|
Source Clock   |Dest:Rise|Dest:Rise|Dest:Fall|Dest:Fall|
---------------+---------+---------+---------+---------+
clk            |         |         |    2.820|         |
---------------+---------+---------+---------+---------+

=========================================================================


Total REAL time to Xst completion: 5.00 secs
Total CPU time to Xst completion: 5.38 secs
 
--> 

Total memory usage is 259796 kilobytes

Number of errors   :    0 (   0 filtered)
Number of warnings :   20 (   0 filtered)
Number of infos    :    0 (   0 filtered)

