Release 14.7 - xst P.20131013 (nt64)
Copyright (c) 1995-2013 Xilinx, Inc.  All rights reserved.
--> Parameter TMPDIR set to xst/projnav.tmp


Total REAL time to Xst completion: 0.00 secs
Total CPU time to Xst completion: 0.11 secs
 
--> Parameter xsthdpdir set to xst


Total REAL time to Xst completion: 0.00 secs
Total CPU time to Xst completion: 0.11 secs
 
--> Reading design: CPU.prj

TABLE OF CONTENTS
  1) Synthesis Options Summary
  2) HDL Parsing
  3) HDL Elaboration
  4) HDL Synthesis
       4.1) HDL Synthesis Report
  5) Advanced HDL Synthesis
       5.1) Advanced HDL Synthesis Report
  6) Low Level Synthesis
  7) Partition Report
  8) Design Summary
       8.1) Primitive and Black Box Usage
       8.2) Device utilization summary
       8.3) Partition Resource Summary
       8.4) Timing Report
            8.4.1) Clock Information
            8.4.2) Asynchronous Control Signals Information
            8.4.3) Timing Summary
            8.4.4) Timing Details
            8.4.5) Cross Clock Domains Report


=========================================================================
*                      Synthesis Options Summary                        *
=========================================================================
---- Source Parameters
Input File Name                    : "CPU.prj"
Ignore Synthesis Constraint File   : NO

---- Target Parameters
Output File Name                   : "CPU"
Output Format                      : NGC
Target Device                      : xc6slx16-3-csg324

---- Source Options
Top Module Name                    : CPU
Automatic FSM Extraction           : YES
FSM Encoding Algorithm             : Auto
Safe Implementation                : No
FSM Style                          : LUT
RAM Extraction                     : Yes
RAM Style                          : Auto
ROM Extraction                     : Yes
Shift Register Extraction          : YES
ROM Style                          : Auto
Resource Sharing                   : YES
Asynchronous To Synchronous        : NO
Shift Register Minimum Size        : 2
Use DSP Block                      : Auto
Automatic Register Balancing       : No

---- Target Options
LUT Combining                      : Auto
Reduce Control Sets                : Auto
Add IO Buffers                     : YES
Global Maximum Fanout              : 100000
Add Generic Clock Buffer(BUFG)     : 16
Register Duplication               : YES
Optimize Instantiated Primitives   : NO
Use Clock Enable                   : Auto
Use Synchronous Set                : Auto
Use Synchronous Reset              : Auto
Pack IO Registers into IOBs        : Auto
Equivalent register Removal        : YES

---- General Options
Optimization Goal                  : Speed
Optimization Effort                : 1
Power Reduction                    : NO
Keep Hierarchy                     : No
Netlist Hierarchy                  : As_Optimized
RTL Output                         : Yes
Global Optimization                : AllClockNets
Read Cores                         : YES
Write Timing Constraints           : NO
Cross Clock Analysis               : NO
Hierarchy Separator                : /
Bus Delimiter                      : <>
Case Specifier                     : Maintain
Slice Utilization Ratio            : 100
BRAM Utilization Ratio             : 100
DSP48 Utilization Ratio            : 100
Auto BRAM Packing                  : NO
Slice Utilization Ratio Delta      : 5

=========================================================================


=========================================================================
*                          HDL Parsing                                  *
=========================================================================
Analyzing Verilog file "C:\Users\KekKuLe\Desktop\temp\Code\SSP\FPGA\sign.v" into library work
Parsing module <incdec>.
Analyzing Verilog file "C:\Users\KekKuLe\Desktop\temp\Code\SSP\FPGA\register.v" into library work
Parsing module <register>.
Analyzing Verilog file "C:\Users\KekKuLe\Desktop\temp\Code\SSP\FPGA\mux.v" into library work
Parsing module <mux2>.
Parsing module <mux4>.
Analyzing Verilog file "C:\Users\KekKuLe\Desktop\temp\Code\SSP\FPGA\ALU.v" into library work
Parsing module <ALU>.
Analyzing Verilog file "C:\Users\KekKuLe\Desktop\temp\Code\SSP\FPGA\CPU.v" into library work
Parsing module <CPU>.

=========================================================================
*                            HDL Elaboration                            *
=========================================================================

Elaborating module <CPU>.
WARNING:HDLCompiler:1127 - "C:\Users\KekKuLe\Desktop\temp\Code\SSP\FPGA\CPU.v" Line 27: Assignment to opcode ignored, since the identifier is never used

Elaborating module <register>.
WARNING:HDLCompiler:189 - "C:\Users\KekKuLe\Desktop\temp\Code\SSP\FPGA\CPU.v" Line 36: Size mismatch in connection of port <out>. Formal port size is 16-bit while actual signal size is 1-bit.
WARNING:HDLCompiler:1127 - "C:\Users\KekKuLe\Desktop\temp\Code\SSP\FPGA\CPU.v" Line 36: Assignment to R2_0 ignored, since the identifier is never used

Elaborating module <incdec>.
WARNING:HDLCompiler:413 - "C:\Users\KekKuLe\Desktop\temp\Code\SSP\FPGA\sign.v" Line 13: Result of 32-bit expression is truncated to fit in 16-bit target.

Elaborating module <mux2>.

Elaborating module <ALU>.
WARNING:HDLCompiler:1499 - "C:\Users\KekKuLe\Desktop\temp\Code\SSP\FPGA\ALU.v" Line 3: Empty module <ALU> remains a black box.

Elaborating module <mux4>.
WARNING:HDLCompiler:634 - "C:\Users\KekKuLe\Desktop\temp\Code\SSP\FPGA\CPU.v" Line 17: Net <cmd_w> does not have a driver.
WARNING:HDLCompiler:634 - "C:\Users\KekKuLe\Desktop\temp\Code\SSP\FPGA\CPU.v" Line 18: Net <R1_w> does not have a driver.
WARNING:HDLCompiler:634 - "C:\Users\KekKuLe\Desktop\temp\Code\SSP\FPGA\CPU.v" Line 19: Net <R2_w> does not have a driver.
WARNING:HDLCompiler:634 - "C:\Users\KekKuLe\Desktop\temp\Code\SSP\FPGA\CPU.v" Line 21: Net <SR_w> does not have a driver.
WARNING:HDLCompiler:634 - "C:\Users\KekKuLe\Desktop\temp\Code\SSP\FPGA\CPU.v" Line 22: Net <PC_w> does not have a driver.
WARNING:HDLCompiler:634 - "C:\Users\KekKuLe\Desktop\temp\Code\SSP\FPGA\CPU.v" Line 35: Net <R2_o[15]> does not have a driver.
WARNING:HDLCompiler:634 - "C:\Users\KekKuLe\Desktop\temp\Code\SSP\FPGA\CPU.v" Line 49: Net <SR_inc> does not have a driver.
WARNING:HDLCompiler:634 - "C:\Users\KekKuLe\Desktop\temp\Code\SSP\FPGA\CPU.v" Line 50: Net <PC_inc> does not have a driver.
WARNING:HDLCompiler:634 - "C:\Users\KekKuLe\Desktop\temp\Code\SSP\FPGA\CPU.v" Line 55: Net <SR_incc> does not have a driver.
WARNING:HDLCompiler:634 - "C:\Users\KekKuLe\Desktop\temp\Code\SSP\FPGA\CPU.v" Line 56: Net <PC_incc> does not have a driver.
WARNING:HDLCompiler:634 - "C:\Users\KekKuLe\Desktop\temp\Code\SSP\FPGA\CPU.v" Line 63: Net <alu_func[2]> does not have a driver.
WARNING:HDLCompiler:634 - "C:\Users\KekKuLe\Desktop\temp\Code\SSP\FPGA\CPU.v" Line 69: Net <addr_sel[1]> does not have a driver.
WARNING:HDLCompiler:634 - "C:\Users\KekKuLe\Desktop\temp\Code\SSP\FPGA\CPU.v" Line 70: Net <data_sel[1]> does not have a driver.
WARNING:Xst:2972 - "C:\Users\KekKuLe\Desktop\temp\Code\SSP\FPGA\CPU.v" line 36. All outputs of instance <R2> of block <register> are unconnected in block <CPU>. Underlying logic will be removed.

=========================================================================
*                           HDL Synthesis                               *
=========================================================================

Synthesizing Unit <CPU>.
    Related source file is "C:\Users\KekKuLe\Desktop\temp\Code\SSP\FPGA\CPU.v".
INFO:Xst:3210 - "C:\Users\KekKuLe\Desktop\temp\Code\SSP\FPGA\CPU.v" line 36: Output port <out> of the instance <R2> is unconnected or connected to loadless signal.
WARNING:Xst:653 - Signal <R2_o> is used but never assigned. This sourceless signal will be automatically connected to value GND.
WARNING:Xst:653 - Signal <alu_func> is used but never assigned. This sourceless signal will be automatically connected to value GND.
WARNING:Xst:653 - Signal <addr_sel> is used but never assigned. This sourceless signal will be automatically connected to value GND.
WARNING:Xst:653 - Signal <data_sel> is used but never assigned. This sourceless signal will be automatically connected to value GND.
WARNING:Xst:653 - Signal <cmd_w> is used but never assigned. This sourceless signal will be automatically connected to value GND.
WARNING:Xst:653 - Signal <R1_w> is used but never assigned. This sourceless signal will be automatically connected to value GND.
WARNING:Xst:653 - Signal <R2_w> is used but never assigned. This sourceless signal will be automatically connected to value GND.
WARNING:Xst:653 - Signal <SR_w> is used but never assigned. This sourceless signal will be automatically connected to value GND.
WARNING:Xst:653 - Signal <PC_w> is used but never assigned. This sourceless signal will be automatically connected to value GND.
WARNING:Xst:653 - Signal <SR_inc> is used but never assigned. This sourceless signal will be automatically connected to value GND.
WARNING:Xst:653 - Signal <PC_inc> is used but never assigned. This sourceless signal will be automatically connected to value GND.
WARNING:Xst:653 - Signal <SR_incc> is used but never assigned. This sourceless signal will be automatically connected to value GND.
WARNING:Xst:653 - Signal <PC_incc> is used but never assigned. This sourceless signal will be automatically connected to value GND.
    Summary:
	no macro.
Unit <CPU> synthesized.

Synthesizing Unit <register>.
    Related source file is "C:\Users\KekKuLe\Desktop\temp\Code\SSP\FPGA\register.v".
    Found 16-bit register for signal <out>.
    Summary:
	inferred  16 D-type flip-flop(s).
Unit <register> synthesized.

Synthesizing Unit <incdec>.
    Related source file is "C:\Users\KekKuLe\Desktop\temp\Code\SSP\FPGA\sign.v".
    Found 16-bit adder for signal <i0[15]_GND_3_o_add_0_OUT> created at line 13.
    Summary:
	inferred   1 Adder/Subtractor(s).
Unit <incdec> synthesized.

Synthesizing Unit <mux2>.
    Related source file is "C:\Users\KekKuLe\Desktop\temp\Code\SSP\FPGA\mux.v".
    Summary:
	inferred   1 Multiplexer(s).
Unit <mux2> synthesized.

Synthesizing Unit <mux4>.
    Related source file is "C:\Users\KekKuLe\Desktop\temp\Code\SSP\FPGA\mux.v".
    Found 16-bit 4-to-1 multiplexer for signal <o0> created at line 35.
    Summary:
	inferred   1 Multiplexer(s).
Unit <mux4> synthesized.

=========================================================================
HDL Synthesis Report

Macro Statistics
# Adders/Subtractors                                   : 2
 16-bit adder                                          : 2
# Registers                                            : 4
 16-bit register                                       : 4
# Multiplexers                                         : 4
 16-bit 2-to-1 multiplexer                             : 2
 16-bit 4-to-1 multiplexer                             : 2

=========================================================================

=========================================================================
*                       Advanced HDL Synthesis                          *
=========================================================================

WARNING:Xst:1293 - FF/Latch <out_3> has a constant value of 0 in block <SR>. This FF/Latch will be trimmed during the optimization process.
WARNING:Xst:1293 - FF/Latch <out_4> has a constant value of 0 in block <SR>. This FF/Latch will be trimmed during the optimization process.
WARNING:Xst:1293 - FF/Latch <out_5> has a constant value of 0 in block <SR>. This FF/Latch will be trimmed during the optimization process.
WARNING:Xst:1293 - FF/Latch <out_6> has a constant value of 0 in block <SR>. This FF/Latch will be trimmed during the optimization process.
WARNING:Xst:1293 - FF/Latch <out_7> has a constant value of 0 in block <SR>. This FF/Latch will be trimmed during the optimization process.
WARNING:Xst:1293 - FF/Latch <out_8> has a constant value of 0 in block <SR>. This FF/Latch will be trimmed during the optimization process.
WARNING:Xst:1293 - FF/Latch <out_9> has a constant value of 0 in block <SR>. This FF/Latch will be trimmed during the optimization process.
WARNING:Xst:1293 - FF/Latch <out_10> has a constant value of 0 in block <SR>. This FF/Latch will be trimmed during the optimization process.
WARNING:Xst:1293 - FF/Latch <out_11> has a constant value of 0 in block <SR>. This FF/Latch will be trimmed during the optimization process.
WARNING:Xst:1293 - FF/Latch <out_12> has a constant value of 0 in block <SR>. This FF/Latch will be trimmed during the optimization process.
WARNING:Xst:1293 - FF/Latch <out_13> has a constant value of 0 in block <SR>. This FF/Latch will be trimmed during the optimization process.
WARNING:Xst:1293 - FF/Latch <out_14> has a constant value of 0 in block <SR>. This FF/Latch will be trimmed during the optimization process.
WARNING:Xst:1293 - FF/Latch <out_15> has a constant value of 0 in block <SR>. This FF/Latch will be trimmed during the optimization process.
WARNING:Xst:1293 - FF/Latch <out_0> has a constant value of 0 in block <PC>. This FF/Latch will be trimmed during the optimization process.
WARNING:Xst:1293 - FF/Latch <out_1> has a constant value of 0 in block <PC>. This FF/Latch will be trimmed during the optimization process.
WARNING:Xst:1293 - FF/Latch <out_2> has a constant value of 0 in block <PC>. This FF/Latch will be trimmed during the optimization process.
WARNING:Xst:1293 - FF/Latch <out_3> has a constant value of 0 in block <PC>. This FF/Latch will be trimmed during the optimization process.
WARNING:Xst:1293 - FF/Latch <out_4> has a constant value of 0 in block <PC>. This FF/Latch will be trimmed during the optimization process.
WARNING:Xst:1293 - FF/Latch <out_5> has a constant value of 0 in block <PC>. This FF/Latch will be trimmed during the optimization process.
WARNING:Xst:1293 - FF/Latch <out_6> has a constant value of 0 in block <PC>. This FF/Latch will be trimmed during the optimization process.
WARNING:Xst:1293 - FF/Latch <out_7> has a constant value of 0 in block <PC>. This FF/Latch will be trimmed during the optimization process.
WARNING:Xst:1293 - FF/Latch <out_8> has a constant value of 0 in block <PC>. This FF/Latch will be trimmed during the optimization process.
WARNING:Xst:1293 - FF/Latch <out_9> has a constant value of 0 in block <PC>. This FF/Latch will be trimmed during the optimization process.
WARNING:Xst:1293 - FF/Latch <out_10> has a constant value of 0 in block <PC>. This FF/Latch will be trimmed during the optimization process.
WARNING:Xst:1293 - FF/Latch <out_11> has a constant value of 0 in block <PC>. This FF/Latch will be trimmed during the optimization process.
WARNING:Xst:1293 - FF/Latch <out_12> has a constant value of 0 in block <PC>. This FF/Latch will be trimmed during the optimization process.
WARNING:Xst:1293 - FF/Latch <out_13> has a constant value of 0 in block <PC>. This FF/Latch will be trimmed during the optimization process.
WARNING:Xst:1293 - FF/Latch <out_14> has a constant value of 0 in block <PC>. This FF/Latch will be trimmed during the optimization process.
WARNING:Xst:1293 - FF/Latch <out_15> has a constant value of 0 in block <PC>. This FF/Latch will be trimmed during the optimization process.
WARNING:Xst:1293 - FF/Latch <out_0> has a constant value of 0 in block <cmd>. This FF/Latch will be trimmed during the optimization process.
WARNING:Xst:1293 - FF/Latch <out_1> has a constant value of 0 in block <cmd>. This FF/Latch will be trimmed during the optimization process.
WARNING:Xst:1293 - FF/Latch <out_2> has a constant value of 0 in block <cmd>. This FF/Latch will be trimmed during the optimization process.
WARNING:Xst:1293 - FF/Latch <out_3> has a constant value of 0 in block <cmd>. This FF/Latch will be trimmed during the optimization process.
WARNING:Xst:1293 - FF/Latch <out_4> has a constant value of 0 in block <cmd>. This FF/Latch will be trimmed during the optimization process.
WARNING:Xst:1293 - FF/Latch <out_5> has a constant value of 0 in block <cmd>. This FF/Latch will be trimmed during the optimization process.
WARNING:Xst:1293 - FF/Latch <out_6> has a constant value of 0 in block <cmd>. This FF/Latch will be trimmed during the optimization process.
WARNING:Xst:1293 - FF/Latch <out_7> has a constant value of 0 in block <cmd>. This FF/Latch will be trimmed during the optimization process.
WARNING:Xst:1293 - FF/Latch <out_8> has a constant value of 0 in block <cmd>. This FF/Latch will be trimmed during the optimization process.
WARNING:Xst:1293 - FF/Latch <out_9> has a constant value of 0 in block <cmd>. This FF/Latch will be trimmed during the optimization process.
WARNING:Xst:1293 - FF/Latch <out_0> has a constant value of 0 in block <R1>. This FF/Latch will be trimmed during the optimization process.
WARNING:Xst:1293 - FF/Latch <out_1> has a constant value of 0 in block <R1>. This FF/Latch will be trimmed during the optimization process.
WARNING:Xst:1293 - FF/Latch <out_2> has a constant value of 0 in block <R1>. This FF/Latch will be trimmed during the optimization process.
WARNING:Xst:1293 - FF/Latch <out_3> has a constant value of 0 in block <R1>. This FF/Latch will be trimmed during the optimization process.
WARNING:Xst:1293 - FF/Latch <out_4> has a constant value of 0 in block <R1>. This FF/Latch will be trimmed during the optimization process.
WARNING:Xst:1293 - FF/Latch <out_5> has a constant value of 0 in block <R1>. This FF/Latch will be trimmed during the optimization process.
WARNING:Xst:1293 - FF/Latch <out_6> has a constant value of 0 in block <R1>. This FF/Latch will be trimmed during the optimization process.
WARNING:Xst:1293 - FF/Latch <out_7> has a constant value of 0 in block <R1>. This FF/Latch will be trimmed during the optimization process.
WARNING:Xst:1293 - FF/Latch <out_8> has a constant value of 0 in block <R1>. This FF/Latch will be trimmed during the optimization process.
WARNING:Xst:1293 - FF/Latch <out_9> has a constant value of 0 in block <R1>. This FF/Latch will be trimmed during the optimization process.
WARNING:Xst:1293 - FF/Latch <out_10> has a constant value of 0 in block <R1>. This FF/Latch will be trimmed during the optimization process.
WARNING:Xst:1293 - FF/Latch <out_11> has a constant value of 0 in block <R1>. This FF/Latch will be trimmed during the optimization process.
WARNING:Xst:1293 - FF/Latch <out_12> has a constant value of 0 in block <R1>. This FF/Latch will be trimmed during the optimization process.
WARNING:Xst:1293 - FF/Latch <out_13> has a constant value of 0 in block <R1>. This FF/Latch will be trimmed during the optimization process.
WARNING:Xst:1293 - FF/Latch <out_14> has a constant value of 0 in block <R1>. This FF/Latch will be trimmed during the optimization process.
WARNING:Xst:1293 - FF/Latch <out_15> has a constant value of 0 in block <R1>. This FF/Latch will be trimmed during the optimization process.
WARNING:Xst:1293 - FF/Latch <out_0> has a constant value of 0 in block <SR>. This FF/Latch will be trimmed during the optimization process.
WARNING:Xst:1293 - FF/Latch <out_1> has a constant value of 0 in block <SR>. This FF/Latch will be trimmed during the optimization process.
WARNING:Xst:1293 - FF/Latch <out_2> has a constant value of 0 in block <SR>. This FF/Latch will be trimmed during the optimization process.
WARNING:Xst:2677 - Node <out_10> of sequential type is unconnected in block <cmd>.
WARNING:Xst:2677 - Node <out_11> of sequential type is unconnected in block <cmd>.
WARNING:Xst:2677 - Node <out_12> of sequential type is unconnected in block <cmd>.
WARNING:Xst:2677 - Node <out_13> of sequential type is unconnected in block <cmd>.
WARNING:Xst:2677 - Node <out_14> of sequential type is unconnected in block <cmd>.
WARNING:Xst:2677 - Node <out_15> of sequential type is unconnected in block <cmd>.
WARNING:Xst:1290 - Hierarchical block <sr_mux> is unconnected in block <CPU>.
   It will be removed from the design.
WARNING:Xst:1290 - Hierarchical block <pc_mux> is unconnected in block <CPU>.
   It will be removed from the design.

=========================================================================
Advanced HDL Synthesis Report

Macro Statistics
# Adders/Subtractors                                   : 2
 16-bit adder                                          : 2
# Registers                                            : 64
 Flip-Flops                                            : 64
# Multiplexers                                         : 4
 16-bit 2-to-1 multiplexer                             : 2
 16-bit 4-to-1 multiplexer                             : 2

=========================================================================

=========================================================================
*                         Low Level Synthesis                           *
=========================================================================
WARNING:Xst:2973 - All outputs of instance <cmd> of block <register> are unconnected in block <CPU>. Underlying logic will be removed.
WARNING:Xst:2973 - All outputs of instance <PC> of block <register> are unconnected in block <CPU>. Underlying logic will be removed.

Optimizing unit <CPU> ...

Optimizing unit <register> ...
WARNING:Xst:1293 - FF/Latch <R1/out_0> has a constant value of 0 in block <CPU>. This FF/Latch will be trimmed during the optimization process.
WARNING:Xst:1896 - Due to other FF/Latch trimming, FF/Latch <R1/out_1> has a constant value of 0 in block <CPU>. This FF/Latch will be trimmed during the optimization process.
WARNING:Xst:1896 - Due to other FF/Latch trimming, FF/Latch <R1/out_2> has a constant value of 0 in block <CPU>. This FF/Latch will be trimmed during the optimization process.
WARNING:Xst:1896 - Due to other FF/Latch trimming, FF/Latch <R1/out_3> has a constant value of 0 in block <CPU>. This FF/Latch will be trimmed during the optimization process.
WARNING:Xst:1896 - Due to other FF/Latch trimming, FF/Latch <R1/out_4> has a constant value of 0 in block <CPU>. This FF/Latch will be trimmed during the optimization process.
WARNING:Xst:1896 - Due to other FF/Latch trimming, FF/Latch <R1/out_5> has a constant value of 0 in block <CPU>. This FF/Latch will be trimmed during the optimization process.
WARNING:Xst:1896 - Due to other FF/Latch trimming, FF/Latch <R1/out_6> has a constant value of 0 in block <CPU>. This FF/Latch will be trimmed during the optimization process.
WARNING:Xst:1896 - Due to other FF/Latch trimming, FF/Latch <R1/out_7> has a constant value of 0 in block <CPU>. This FF/Latch will be trimmed during the optimization process.
WARNING:Xst:1896 - Due to other FF/Latch trimming, FF/Latch <R1/out_8> has a constant value of 0 in block <CPU>. This FF/Latch will be trimmed during the optimization process.
WARNING:Xst:1896 - Due to other FF/Latch trimming, FF/Latch <R1/out_9> has a constant value of 0 in block <CPU>. This FF/Latch will be trimmed during the optimization process.
WARNING:Xst:1896 - Due to other FF/Latch trimming, FF/Latch <R1/out_10> has a constant value of 0 in block <CPU>. This FF/Latch will be trimmed during the optimization process.
WARNING:Xst:1896 - Due to other FF/Latch trimming, FF/Latch <R1/out_11> has a constant value of 0 in block <CPU>. This FF/Latch will be trimmed during the optimization process.
WARNING:Xst:1896 - Due to other FF/Latch trimming, FF/Latch <R1/out_12> has a constant value of 0 in block <CPU>. This FF/Latch will be trimmed during the optimization process.
WARNING:Xst:1896 - Due to other FF/Latch trimming, FF/Latch <R1/out_13> has a constant value of 0 in block <CPU>. This FF/Latch will be trimmed during the optimization process.
WARNING:Xst:1896 - Due to other FF/Latch trimming, FF/Latch <R1/out_14> has a constant value of 0 in block <CPU>. This FF/Latch will be trimmed during the optimization process.
WARNING:Xst:1896 - Due to other FF/Latch trimming, FF/Latch <R1/out_15> has a constant value of 0 in block <CPU>. This FF/Latch will be trimmed during the optimization process.
WARNING:Xst:1896 - Due to other FF/Latch trimming, FF/Latch <SR/out_0> has a constant value of 0 in block <CPU>. This FF/Latch will be trimmed during the optimization process.
WARNING:Xst:1896 - Due to other FF/Latch trimming, FF/Latch <SR/out_1> has a constant value of 0 in block <CPU>. This FF/Latch will be trimmed during the optimization process.
WARNING:Xst:1896 - Due to other FF/Latch trimming, FF/Latch <SR/out_2> has a constant value of 0 in block <CPU>. This FF/Latch will be trimmed during the optimization process.
WARNING:Xst:1896 - Due to other FF/Latch trimming, FF/Latch <SR/out_3> has a constant value of 0 in block <CPU>. This FF/Latch will be trimmed during the optimization process.
WARNING:Xst:1896 - Due to other FF/Latch trimming, FF/Latch <SR/out_4> has a constant value of 0 in block <CPU>. This FF/Latch will be trimmed during the optimization process.
WARNING:Xst:1896 - Due to other FF/Latch trimming, FF/Latch <SR/out_5> has a constant value of 0 in block <CPU>. This FF/Latch will be trimmed during the optimization process.
WARNING:Xst:1896 - Due to other FF/Latch trimming, FF/Latch <SR/out_6> has a constant value of 0 in block <CPU>. This FF/Latch will be trimmed during the optimization process.
WARNING:Xst:1896 - Due to other FF/Latch trimming, FF/Latch <SR/out_7> has a constant value of 0 in block <CPU>. This FF/Latch will be trimmed during the optimization process.
WARNING:Xst:1896 - Due to other FF/Latch trimming, FF/Latch <SR/out_8> has a constant value of 0 in block <CPU>. This FF/Latch will be trimmed during the optimization process.
WARNING:Xst:1896 - Due to other FF/Latch trimming, FF/Latch <SR/out_9> has a constant value of 0 in block <CPU>. This FF/Latch will be trimmed during the optimization process.
WARNING:Xst:1896 - Due to other FF/Latch trimming, FF/Latch <SR/out_10> has a constant value of 0 in block <CPU>. This FF/Latch will be trimmed during the optimization process.
WARNING:Xst:1896 - Due to other FF/Latch trimming, FF/Latch <SR/out_11> has a constant value of 0 in block <CPU>. This FF/Latch will be trimmed during the optimization process.
WARNING:Xst:1896 - Due to other FF/Latch trimming, FF/Latch <SR/out_12> has a constant value of 0 in block <CPU>. This FF/Latch will be trimmed during the optimization process.
WARNING:Xst:1896 - Due to other FF/Latch trimming, FF/Latch <SR/out_13> has a constant value of 0 in block <CPU>. This FF/Latch will be trimmed during the optimization process.
WARNING:Xst:1896 - Due to other FF/Latch trimming, FF/Latch <SR/out_14> has a constant value of 0 in block <CPU>. This FF/Latch will be trimmed during the optimization process.
WARNING:Xst:1896 - Due to other FF/Latch trimming, FF/Latch <SR/out_15> has a constant value of 0 in block <CPU>. This FF/Latch will be trimmed during the optimization process.

Mapping all equations...
Building and optimizing final netlist ...
Found area constraint ratio of 100 (+ 5) on block CPU, actual ratio is 0.

Final Macro Processing ...

=========================================================================
Final Register Report

Found no macro
=========================================================================

=========================================================================
*                           Partition Report                            *
=========================================================================

Partition Implementation Status
-------------------------------

  No Partitions were found in this design.

-------------------------------

=========================================================================
*                            Design Summary                             *
=========================================================================

Top Level Output File Name         : CPU.ngc

Primitive and Black Box Usage:
------------------------------
# BELS                             : 1
#      GND                         : 1
# IO Buffers                       : 32
#      OBUF                        : 32
# Others                           : 1
#      ALU                         : 1

Device utilization summary:
---------------------------

Selected Device : 6slx16csg324-3 


Slice Logic Utilization: 

Slice Logic Distribution: 
 Number of LUT Flip Flop pairs used:      0
   Number with an unused Flip Flop:       0  out of      0         
   Number with an unused LUT:             0  out of      0         
   Number of fully used LUT-FF pairs:     0  out of      0         
   Number of unique control sets:         0

IO Utilization: 
 Number of IOs:                          49
 Number of bonded IOBs:                  32  out of    232    13%  

Specific Feature Utilization:

---------------------------
Partition Resource Summary:
---------------------------

  No Partitions were found in this design.

---------------------------


=========================================================================
Timing Report

NOTE: THESE TIMING NUMBERS ARE ONLY A SYNTHESIS ESTIMATE.
      FOR ACCURATE TIMING INFORMATION PLEASE REFER TO THE TRACE REPORT
      GENERATED AFTER PLACE-and-ROUTE.

Clock Information:
------------------
No clock signals found in this design

Asynchronous Control Signals Information:
----------------------------------------
No asynchronous control signals found in this design

Timing Summary:
---------------
Speed Grade: -3

   Minimum period: No path found
   Minimum input arrival time before clock: No path found
   Maximum output required time after clock: No path found
   Maximum combinational path delay: No path found

Timing Details:
---------------
All values displayed in nanoseconds (ns)

=========================================================================

Cross Clock Domains Report:
--------------------------

=========================================================================


Total REAL time to Xst completion: 7.00 secs
Total CPU time to Xst completion: 6.98 secs
 
--> 

Total memory usage is 261012 kilobytes

Number of errors   :    0 (   0 filtered)
Number of warnings :  132 (   0 filtered)
Number of infos    :    1 (   0 filtered)

